<?xml version="1.0" encoding="UTF-8"?>
<!-- Generated by org.testng.reporters.JUnitXMLReporter -->
<testsuite hostname="BReddy-PC" ignored="0" name="Default test" tests="3" failures="0" timestamp="13 Jan 2019 14:17:23 GMT" time="27.937" errors="0">
  <testcase name="loginPageTitleTest" time="0.044" classname="com.hotelapp.qa.testcases.LoginPageTest"/>
  <testcase name="loginPageLogoTest" time="0.056" classname="com.hotelapp.qa.testcases.LoginPageTest"/>
  <testcase name="loginTest" time="1.475" classname="com.hotelapp.qa.testcases.LoginPageTest"/>
</testsuite> <!-- Default test -->
