<?xml version="1.0" encoding="UTF-8"?>
<!-- Generated by org.testng.reporters.JUnitXMLReporter -->
<testsuite hostname="BReddy-PC" ignored="0" name="Default test" tests="3" failures="0" timestamp="02 Jul 2019 16:29:46 GMT" time="47.084" errors="0">
  <testcase name="loginPageTitleTest" time="0.021" classname="com.hotelapp.qa.testcases.LoginPageTest"/>
  <testcase name="loginPageLogoTest" time="0.182" classname="com.hotelapp.qa.testcases.LoginPageTest"/>
  <testcase name="loginTest" time="3.727" classname="com.hotelapp.qa.testcases.LoginPageTest"/>
</testsuite> <!-- Default test -->
