<?xml version="1.0" encoding="UTF-8"?>
<!-- Generated by org.testng.reporters.JUnitXMLReporter -->
<testsuite hostname="BReddy-PC" ignored="0" name="HotelApp Test Cases - Sanity Test" tests="6" failures="0" timestamp="09 May 2019 17:01:28 GMT" time="59.772" errors="0">
  <testcase name="loginPageTitleTest" time="0.048" classname="com.hotelapp.qa.testcases.LoginPageTest"/>
  <testcase name="vaidateHomePageTest" time="0.071" classname="com.hotelapp.qa.testcases.HomePageTest"/>
  <testcase name="loginPageLogoTest" time="0.058" classname="com.hotelapp.qa.testcases.LoginPageTest"/>
  <testcase name="verifyUserTest" time="0.063" classname="com.hotelapp.qa.testcases.HomePageTest"/>
  <testcase name="loginTest" time="2.98" classname="com.hotelapp.qa.testcases.LoginPageTest"/>
  <testcase name="clickOnSearchHhotelTest" time="0.99" classname="com.hotelapp.qa.testcases.HomePageTest"/>
</testsuite> <!-- HotelApp Test Cases - Sanity Test -->
