<?xml version="1.0" encoding="UTF-8"?>
<!-- Generated by org.testng.reporters.JUnitXMLReporter -->
<testsuite hostname="BReddy-PC" ignored="0" name="HotelApp Test Cases - Sanity Test" tests="6" failures="0" timestamp="12 Feb 2019 15:58:00 GMT" time="53.723" errors="0">
  <testcase name="loginPageTitleTest" time="0.032" classname="com.hotelapp.qa.testcases.LoginPageTest"/>
  <testcase name="vaidateHomePageTest" time="0.056" classname="com.hotelapp.qa.testcases.HomePageTest"/>
  <testcase name="loginPageLogoTest" time="0.041" classname="com.hotelapp.qa.testcases.LoginPageTest"/>
  <testcase name="verifyUserTest" time="0.064" classname="com.hotelapp.qa.testcases.HomePageTest"/>
  <testcase name="loginTest" time="3.425" classname="com.hotelapp.qa.testcases.LoginPageTest"/>
  <testcase name="clickOnSearchHhotelTest" time="0.798" classname="com.hotelapp.qa.testcases.HomePageTest"/>
</testsuite> <!-- HotelApp Test Cases - Sanity Test -->
