<?xml version="1.0" encoding="UTF-8"?>
<testng-results skipped="0" failed="0" ignored="0" total="10" passed="10">
  <reporter-output>
  </reporter-output>
  <suite name="Default suite" duration-ms="295633" started-at="2019-07-18T17:42:39Z" finished-at="2019-07-18T17:47:35Z">
    <groups>
    </groups>
    <test name="Default test" duration-ms="295633" started-at="2019-07-18T17:42:39Z" finished-at="2019-07-18T17:47:35Z">
      <class name="com.hotelapp.qa.testcases.SearchBookConfirmHotelPageTest">
        <test-method status="PASS" signature="setUp()[pri:0, instance:com.hotelapp.qa.testcases.SearchBookConfirmHotelPageTest@5e5792a0]" name="setUp" is-config="true" duration-ms="32264" started-at="2019-07-18T13:42:40Z" finished-at="2019-07-18T13:43:12Z">
          <reporter-output>
          </reporter-output>
        </test-method> <!-- setUp -->
        <test-method status="PASS" signature="validateSearchPageTest()[pri:1, instance:com.hotelapp.qa.testcases.SearchBookConfirmHotelPageTest@5e5792a0]" name="validateSearchPageTest" duration-ms="50" started-at="2019-07-18T13:43:12Z" finished-at="2019-07-18T13:43:12Z">
          <reporter-output>
          </reporter-output>
        </test-method> <!-- validateSearchPageTest -->
        <test-method status="PASS" signature="tearDown()[pri:0, instance:com.hotelapp.qa.testcases.SearchBookConfirmHotelPageTest@5e5792a0]" name="tearDown" is-config="true" duration-ms="3334" started-at="2019-07-18T13:43:12Z" finished-at="2019-07-18T13:43:15Z">
          <reporter-output>
          </reporter-output>
        </test-method> <!-- tearDown -->
        <test-method status="PASS" signature="setUp()[pri:0, instance:com.hotelapp.qa.testcases.SearchBookConfirmHotelPageTest@5e5792a0]" name="setUp" is-config="true" duration-ms="11591" started-at="2019-07-18T13:43:17Z" finished-at="2019-07-18T13:43:28Z">
          <reporter-output>
          </reporter-output>
        </test-method> <!-- setUp -->
        <test-method status="PASS" signature="searchSelectBookHotelTest(java.lang.String, java.lang.String, java.lang.String, java.lang.String, java.lang.String, java.lang.String, java.lang.String, java.lang.String, java.lang.String, java.lang.String, java.lang.String, java.lang.String, java.lang.String)[pri:2, instance:com.hotelapp.qa.testcases.SearchBookConfirmHotelPageTest@5e5792a0]" name="searchSelectBookHotelTest" duration-ms="12346" started-at="2019-07-18T13:43:28Z" data-provider="getHotelappTestData" finished-at="2019-07-18T13:43:41Z">
          <params>
            <param index="0">
              <value>
                <![CDATA[Melbourne]]>
              </value>
            </param>
            <param index="1">
              <value>
                <![CDATA[Hotel Creek]]>
              </value>
            </param>
            <param index="2">
              <value>
                <![CDATA[Double]]>
              </value>
            </param>
            <param index="3">
              <value>
                <![CDATA[2 - Two]]>
              </value>
            </param>
            <param index="4">
              <value>
                <![CDATA[3 - Three]]>
              </value>
            </param>
            <param index="5">
              <value>
                <![CDATA[1 - One]]>
              </value>
            </param>
            <param index="6">
              <value>
                <![CDATA[14/02/2019]]>
              </value>
            </param>
            <param index="7">
              <value>
                <![CDATA[18/02/2019]]>
              </value>
            </param>
            <param index="8">
              <value>
                <![CDATA[Jon]]>
              </value>
            </param>
            <param index="9">
              <value>
                <![CDATA[Snow]]>
              </value>
            </param>
            <param index="10">
              <value>
                <![CDATA[Winterfell]]>
              </value>
            </param>
            <param index="11">
              <value>
                <![CDATA[VISA]]>
              </value>
            </param>
            <param index="12">
              <value>
                <![CDATA[May]]>
              </value>
            </param>
          </params>
          <reporter-output>
          </reporter-output>
        </test-method> <!-- searchSelectBookHotelTest -->
        <test-method status="PASS" signature="tearDown()[pri:0, instance:com.hotelapp.qa.testcases.SearchBookConfirmHotelPageTest@5e5792a0]" name="tearDown" is-config="true" duration-ms="3574" started-at="2019-07-18T13:43:41Z" finished-at="2019-07-18T13:43:44Z">
          <reporter-output>
          </reporter-output>
        </test-method> <!-- tearDown -->
        <test-method status="PASS" signature="setUp()[pri:0, instance:com.hotelapp.qa.testcases.SearchBookConfirmHotelPageTest@5e5792a0]" name="setUp" is-config="true" duration-ms="12575" started-at="2019-07-18T13:43:44Z" finished-at="2019-07-18T13:43:57Z">
          <reporter-output>
          </reporter-output>
        </test-method> <!-- setUp -->
        <test-method status="PASS" signature="searchSelectBookHotelTest(java.lang.String, java.lang.String, java.lang.String, java.lang.String, java.lang.String, java.lang.String, java.lang.String, java.lang.String, java.lang.String, java.lang.String, java.lang.String, java.lang.String, java.lang.String)[pri:2, instance:com.hotelapp.qa.testcases.SearchBookConfirmHotelPageTest@5e5792a0]" name="searchSelectBookHotelTest" duration-ms="11882" started-at="2019-07-18T13:43:57Z" data-provider="getHotelappTestData" finished-at="2019-07-18T13:44:09Z">
          <params>
            <param index="0">
              <value>
                <![CDATA[Sydney]]>
              </value>
            </param>
            <param index="1">
              <value>
                <![CDATA[Hotel Sunshine]]>
              </value>
            </param>
            <param index="2">
              <value>
                <![CDATA[Standard]]>
              </value>
            </param>
            <param index="3">
              <value>
                <![CDATA[3 - Three]]>
              </value>
            </param>
            <param index="4">
              <value>
                <![CDATA[2 - Two]]>
              </value>
            </param>
            <param index="5">
              <value>
                <![CDATA[3 - Three]]>
              </value>
            </param>
            <param index="6">
              <value>
                <![CDATA[15/02/2019]]>
              </value>
            </param>
            <param index="7">
              <value>
                <![CDATA[16/03/2019]]>
              </value>
            </param>
            <param index="8">
              <value>
                <![CDATA[Tyrion]]>
              </value>
            </param>
            <param index="9">
              <value>
                <![CDATA[Lanister]]>
              </value>
            </param>
            <param index="10">
              <value>
                <![CDATA[KingsLanding]]>
              </value>
            </param>
            <param index="11">
              <value>
                <![CDATA[Master Card]]>
              </value>
            </param>
            <param index="12">
              <value>
                <![CDATA[June]]>
              </value>
            </param>
          </params>
          <reporter-output>
          </reporter-output>
        </test-method> <!-- searchSelectBookHotelTest -->
        <test-method status="PASS" signature="tearDown()[pri:0, instance:com.hotelapp.qa.testcases.SearchBookConfirmHotelPageTest@5e5792a0]" name="tearDown" is-config="true" duration-ms="3342" started-at="2019-07-18T13:44:09Z" finished-at="2019-07-18T13:44:12Z">
          <reporter-output>
          </reporter-output>
        </test-method> <!-- tearDown -->
        <test-method status="PASS" signature="setUp()[pri:0, instance:com.hotelapp.qa.testcases.SearchBookConfirmHotelPageTest@5e5792a0]" name="setUp" is-config="true" duration-ms="16195" started-at="2019-07-18T13:44:12Z" finished-at="2019-07-18T13:44:28Z">
          <reporter-output>
          </reporter-output>
        </test-method> <!-- setUp -->
        <test-method status="PASS" signature="searchSelectBookHotelTest(java.lang.String, java.lang.String, java.lang.String, java.lang.String, java.lang.String, java.lang.String, java.lang.String, java.lang.String, java.lang.String, java.lang.String, java.lang.String, java.lang.String, java.lang.String)[pri:2, instance:com.hotelapp.qa.testcases.SearchBookConfirmHotelPageTest@5e5792a0]" name="searchSelectBookHotelTest" duration-ms="11886" started-at="2019-07-18T13:44:28Z" data-provider="getHotelappTestData" finished-at="2019-07-18T13:44:40Z">
          <params>
            <param index="0">
              <value>
                <![CDATA[Brisbane]]>
              </value>
            </param>
            <param index="1">
              <value>
                <![CDATA[Hotel Hervey]]>
              </value>
            </param>
            <param index="2">
              <value>
                <![CDATA[Deluxe]]>
              </value>
            </param>
            <param index="3">
              <value>
                <![CDATA[4 - Four]]>
              </value>
            </param>
            <param index="4">
              <value>
                <![CDATA[4 - Four]]>
              </value>
            </param>
            <param index="5">
              <value>
                <![CDATA[2 - Two]]>
              </value>
            </param>
            <param index="6">
              <value>
                <![CDATA[16/02/2013]]>
              </value>
            </param>
            <param index="7">
              <value>
                <![CDATA[14/03/2019]]>
              </value>
            </param>
            <param index="8">
              <value>
                <![CDATA[Arya]]>
              </value>
            </param>
            <param index="9">
              <value>
                <![CDATA[Stark]]>
              </value>
            </param>
            <param index="10">
              <value>
                <![CDATA[Bravos]]>
              </value>
            </param>
            <param index="11">
              <value>
                <![CDATA[American Express]]>
              </value>
            </param>
            <param index="12">
              <value>
                <![CDATA[July]]>
              </value>
            </param>
          </params>
          <reporter-output>
          </reporter-output>
        </test-method> <!-- searchSelectBookHotelTest -->
        <test-method status="PASS" signature="tearDown()[pri:0, instance:com.hotelapp.qa.testcases.SearchBookConfirmHotelPageTest@5e5792a0]" name="tearDown" is-config="true" duration-ms="3293" started-at="2019-07-18T13:44:40Z" finished-at="2019-07-18T13:44:44Z">
          <reporter-output>
          </reporter-output>
        </test-method> <!-- tearDown -->
        <test-method status="PASS" signature="setUp()[pri:0, instance:com.hotelapp.qa.testcases.SearchBookConfirmHotelPageTest@5e5792a0]" name="setUp" is-config="true" duration-ms="16097" started-at="2019-07-18T13:44:44Z" finished-at="2019-07-18T13:45:00Z">
          <reporter-output>
          </reporter-output>
        </test-method> <!-- setUp -->
        <test-method status="PASS" signature="searchSelectBookHotelTest(java.lang.String, java.lang.String, java.lang.String, java.lang.String, java.lang.String, java.lang.String, java.lang.String, java.lang.String, java.lang.String, java.lang.String, java.lang.String, java.lang.String, java.lang.String)[pri:2, instance:com.hotelapp.qa.testcases.SearchBookConfirmHotelPageTest@5e5792a0]" name="searchSelectBookHotelTest" duration-ms="11879" started-at="2019-07-18T13:45:00Z" data-provider="getHotelappTestData" finished-at="2019-07-18T13:45:12Z">
          <params>
            <param index="0">
              <value>
                <![CDATA[Adelaide]]>
              </value>
            </param>
            <param index="1">
              <value>
                <![CDATA[Hotel Cornice]]>
              </value>
            </param>
            <param index="2">
              <value>
                <![CDATA[Super Deluxe]]>
              </value>
            </param>
            <param index="3">
              <value>
                <![CDATA[5 - Five]]>
              </value>
            </param>
            <param index="4">
              <value>
                <![CDATA[1 - One]]>
              </value>
            </param>
            <param index="5">
              <value>
                <![CDATA[1 - One]]>
              </value>
            </param>
            <param index="6">
              <value>
                <![CDATA[16/02/2019]]>
              </value>
            </param>
            <param index="7">
              <value>
                <![CDATA[17/03/2019]]>
              </value>
            </param>
            <param index="8">
              <value>
                <![CDATA[Dany]]>
              </value>
            </param>
            <param index="9">
              <value>
                <![CDATA[Targarian]]>
              </value>
            </param>
            <param index="10">
              <value>
                <![CDATA[Andals]]>
              </value>
            </param>
            <param index="11">
              <value>
                <![CDATA[VISA]]>
              </value>
            </param>
            <param index="12">
              <value>
                <![CDATA[August]]>
              </value>
            </param>
          </params>
          <reporter-output>
          </reporter-output>
        </test-method> <!-- searchSelectBookHotelTest -->
        <test-method status="PASS" signature="tearDown()[pri:0, instance:com.hotelapp.qa.testcases.SearchBookConfirmHotelPageTest@5e5792a0]" name="tearDown" is-config="true" duration-ms="3239" started-at="2019-07-18T13:45:12Z" finished-at="2019-07-18T13:45:15Z">
          <reporter-output>
          </reporter-output>
        </test-method> <!-- tearDown -->
        <test-method status="PASS" signature="setUp()[pri:0, instance:com.hotelapp.qa.testcases.SearchBookConfirmHotelPageTest@5e5792a0]" name="setUp" is-config="true" duration-ms="13878" started-at="2019-07-18T13:45:15Z" finished-at="2019-07-18T13:45:29Z">
          <reporter-output>
          </reporter-output>
        </test-method> <!-- setUp -->
        <test-method status="PASS" signature="searchSelectBookHotelTest(java.lang.String, java.lang.String, java.lang.String, java.lang.String, java.lang.String, java.lang.String, java.lang.String, java.lang.String, java.lang.String, java.lang.String, java.lang.String, java.lang.String, java.lang.String)[pri:2, instance:com.hotelapp.qa.testcases.SearchBookConfirmHotelPageTest@5e5792a0]" name="searchSelectBookHotelTest" duration-ms="11908" started-at="2019-07-18T13:45:29Z" data-provider="getHotelappTestData" finished-at="2019-07-18T13:45:41Z">
          <params>
            <param index="0">
              <value>
                <![CDATA[London]]>
              </value>
            </param>
            <param index="1">
              <value>
                <![CDATA[Hotel Creek]]>
              </value>
            </param>
            <param index="2">
              <value>
                <![CDATA[Deluxe]]>
              </value>
            </param>
            <param index="3">
              <value>
                <![CDATA[6 - Six]]>
              </value>
            </param>
            <param index="4">
              <value>
                <![CDATA[3 - Three]]>
              </value>
            </param>
            <param index="5">
              <value>
                <![CDATA[3 - Three]]>
              </value>
            </param>
            <param index="6">
              <value>
                <![CDATA[18/02/2019]]>
              </value>
            </param>
            <param index="7">
              <value>
                <![CDATA[13/03/2019]]>
              </value>
            </param>
            <param index="8">
              <value>
                <![CDATA[Sansa]]>
              </value>
            </param>
            <param index="9">
              <value>
                <![CDATA[Stark]]>
              </value>
            </param>
            <param index="10">
              <value>
                <![CDATA[Winterfell]]>
              </value>
            </param>
            <param index="11">
              <value>
                <![CDATA[Master Card]]>
              </value>
            </param>
            <param index="12">
              <value>
                <![CDATA[January]]>
              </value>
            </param>
          </params>
          <reporter-output>
          </reporter-output>
        </test-method> <!-- searchSelectBookHotelTest -->
        <test-method status="PASS" signature="tearDown()[pri:0, instance:com.hotelapp.qa.testcases.SearchBookConfirmHotelPageTest@5e5792a0]" name="tearDown" is-config="true" duration-ms="3456" started-at="2019-07-18T13:45:41Z" finished-at="2019-07-18T13:45:44Z">
          <reporter-output>
          </reporter-output>
        </test-method> <!-- tearDown -->
        <test-method status="PASS" signature="setUp()[pri:0, instance:com.hotelapp.qa.testcases.SearchBookConfirmHotelPageTest@5e5792a0]" name="setUp" is-config="true" duration-ms="12311" started-at="2019-07-18T13:45:44Z" finished-at="2019-07-18T13:45:56Z">
          <reporter-output>
          </reporter-output>
        </test-method> <!-- setUp -->
        <test-method status="PASS" signature="searchSelectBookHotelTest(java.lang.String, java.lang.String, java.lang.String, java.lang.String, java.lang.String, java.lang.String, java.lang.String, java.lang.String, java.lang.String, java.lang.String, java.lang.String, java.lang.String, java.lang.String)[pri:2, instance:com.hotelapp.qa.testcases.SearchBookConfirmHotelPageTest@5e5792a0]" name="searchSelectBookHotelTest" duration-ms="11974" started-at="2019-07-18T13:45:56Z" data-provider="getHotelappTestData" finished-at="2019-07-18T13:46:08Z">
          <params>
            <param index="0">
              <value>
                <![CDATA[New York]]>
              </value>
            </param>
            <param index="1">
              <value>
                <![CDATA[Hotel Sunshine]]>
              </value>
            </param>
            <param index="2">
              <value>
                <![CDATA[Double]]>
              </value>
            </param>
            <param index="3">
              <value>
                <![CDATA[7 - Seven]]>
              </value>
            </param>
            <param index="4">
              <value>
                <![CDATA[2 - Two]]>
              </value>
            </param>
            <param index="5">
              <value>
                <![CDATA[2 - Two]]>
              </value>
            </param>
            <param index="6">
              <value>
                <![CDATA[19/02/2019]]>
              </value>
            </param>
            <param index="7">
              <value>
                <![CDATA[03-Dec-2019]]>
              </value>
            </param>
            <param index="8">
              <value>
                <![CDATA[Ser]]>
              </value>
            </param>
            <param index="9">
              <value>
                <![CDATA[Davos]]>
              </value>
            </param>
            <param index="10">
              <value>
                <![CDATA[Seaworth]]>
              </value>
            </param>
            <param index="11">
              <value>
                <![CDATA[American Express]]>
              </value>
            </param>
            <param index="12">
              <value>
                <![CDATA[April]]>
              </value>
            </param>
          </params>
          <reporter-output>
          </reporter-output>
        </test-method> <!-- searchSelectBookHotelTest -->
        <test-method status="PASS" signature="tearDown()[pri:0, instance:com.hotelapp.qa.testcases.SearchBookConfirmHotelPageTest@5e5792a0]" name="tearDown" is-config="true" duration-ms="3287" started-at="2019-07-18T13:46:08Z" finished-at="2019-07-18T13:46:12Z">
          <reporter-output>
          </reporter-output>
        </test-method> <!-- tearDown -->
        <test-method status="PASS" signature="setUp()[pri:0, instance:com.hotelapp.qa.testcases.SearchBookConfirmHotelPageTest@5e5792a0]" name="setUp" is-config="true" duration-ms="12228" started-at="2019-07-18T13:46:12Z" finished-at="2019-07-18T13:46:24Z">
          <reporter-output>
          </reporter-output>
        </test-method> <!-- setUp -->
        <test-method status="PASS" signature="searchSelectBookHotelTest(java.lang.String, java.lang.String, java.lang.String, java.lang.String, java.lang.String, java.lang.String, java.lang.String, java.lang.String, java.lang.String, java.lang.String, java.lang.String, java.lang.String, java.lang.String)[pri:2, instance:com.hotelapp.qa.testcases.SearchBookConfirmHotelPageTest@5e5792a0]" name="searchSelectBookHotelTest" duration-ms="11806" started-at="2019-07-18T13:46:24Z" data-provider="getHotelappTestData" finished-at="2019-07-18T13:46:36Z">
          <params>
            <param index="0">
              <value>
                <![CDATA[Los Angeles]]>
              </value>
            </param>
            <param index="1">
              <value>
                <![CDATA[Hotel Hervey]]>
              </value>
            </param>
            <param index="2">
              <value>
                <![CDATA[Standard]]>
              </value>
            </param>
            <param index="3">
              <value>
                <![CDATA[8 - Eight]]>
              </value>
            </param>
            <param index="4">
              <value>
                <![CDATA[4 - Four]]>
              </value>
            </param>
            <param index="5">
              <value>
                <![CDATA[2 - Two]]>
              </value>
            </param>
            <param index="6">
              <value>
                <![CDATA[21/02/2019]]>
              </value>
            </param>
            <param index="7">
              <value>
                <![CDATA[21/03/2019]]>
              </value>
            </param>
            <param index="8">
              <value>
                <![CDATA[Jamie]]>
              </value>
            </param>
            <param index="9">
              <value>
                <![CDATA[Lanister]]>
              </value>
            </param>
            <param index="10">
              <value>
                <![CDATA[Harrenhall]]>
              </value>
            </param>
            <param index="11">
              <value>
                <![CDATA[VISA]]>
              </value>
            </param>
            <param index="12">
              <value>
                <![CDATA[March]]>
              </value>
            </param>
          </params>
          <reporter-output>
          </reporter-output>
        </test-method> <!-- searchSelectBookHotelTest -->
        <test-method status="PASS" signature="tearDown()[pri:0, instance:com.hotelapp.qa.testcases.SearchBookConfirmHotelPageTest@5e5792a0]" name="tearDown" is-config="true" duration-ms="3472" started-at="2019-07-18T13:46:36Z" finished-at="2019-07-18T13:46:39Z">
          <reporter-output>
          </reporter-output>
        </test-method> <!-- tearDown -->
        <test-method status="PASS" signature="setUp()[pri:0, instance:com.hotelapp.qa.testcases.SearchBookConfirmHotelPageTest@5e5792a0]" name="setUp" is-config="true" duration-ms="11789" started-at="2019-07-18T13:46:39Z" finished-at="2019-07-18T13:46:51Z">
          <reporter-output>
          </reporter-output>
        </test-method> <!-- setUp -->
        <test-method status="PASS" signature="searchSelectBookHotelTest(java.lang.String, java.lang.String, java.lang.String, java.lang.String, java.lang.String, java.lang.String, java.lang.String, java.lang.String, java.lang.String, java.lang.String, java.lang.String, java.lang.String, java.lang.String)[pri:2, instance:com.hotelapp.qa.testcases.SearchBookConfirmHotelPageTest@5e5792a0]" name="searchSelectBookHotelTest" duration-ms="11733" started-at="2019-07-18T13:46:51Z" data-provider="getHotelappTestData" finished-at="2019-07-18T13:47:03Z">
          <params>
            <param index="0">
              <value>
                <![CDATA[London]]>
              </value>
            </param>
            <param index="1">
              <value>
                <![CDATA[Hotel Cornice]]>
              </value>
            </param>
            <param index="2">
              <value>
                <![CDATA[Deluxe]]>
              </value>
            </param>
            <param index="3">
              <value>
                <![CDATA[9 - Nine]]>
              </value>
            </param>
            <param index="4">
              <value>
                <![CDATA[1 - One]]>
              </value>
            </param>
            <param index="5">
              <value>
                <![CDATA[3 - Three]]>
              </value>
            </param>
            <param index="6">
              <value>
                <![CDATA[25/02/2019]]>
              </value>
            </param>
            <param index="7">
              <value>
                <![CDATA[20/03/2019]]>
              </value>
            </param>
            <param index="8">
              <value>
                <![CDATA[Yara]]>
              </value>
            </param>
            <param index="9">
              <value>
                <![CDATA[Grajoy]]>
              </value>
            </param>
            <param index="10">
              <value>
                <![CDATA[Iron Highets]]>
              </value>
            </param>
            <param index="11">
              <value>
                <![CDATA[Master Card]]>
              </value>
            </param>
            <param index="12">
              <value>
                <![CDATA[December]]>
              </value>
            </param>
          </params>
          <reporter-output>
          </reporter-output>
        </test-method> <!-- searchSelectBookHotelTest -->
        <test-method status="PASS" signature="tearDown()[pri:0, instance:com.hotelapp.qa.testcases.SearchBookConfirmHotelPageTest@5e5792a0]" name="tearDown" is-config="true" duration-ms="4666" started-at="2019-07-18T13:47:03Z" finished-at="2019-07-18T13:47:07Z">
          <reporter-output>
          </reporter-output>
        </test-method> <!-- tearDown -->
        <test-method status="PASS" signature="setUp()[pri:0, instance:com.hotelapp.qa.testcases.SearchBookConfirmHotelPageTest@5e5792a0]" name="setUp" is-config="true" duration-ms="11622" started-at="2019-07-18T13:47:07Z" finished-at="2019-07-18T13:47:19Z">
          <reporter-output>
          </reporter-output>
        </test-method> <!-- setUp -->
        <test-method status="PASS" signature="searchSelectBookHotelTest(java.lang.String, java.lang.String, java.lang.String, java.lang.String, java.lang.String, java.lang.String, java.lang.String, java.lang.String, java.lang.String, java.lang.String, java.lang.String, java.lang.String, java.lang.String)[pri:2, instance:com.hotelapp.qa.testcases.SearchBookConfirmHotelPageTest@5e5792a0]" name="searchSelectBookHotelTest" duration-ms="11974" started-at="2019-07-18T13:47:19Z" data-provider="getHotelappTestData" finished-at="2019-07-18T13:47:31Z">
          <params>
            <param index="0">
              <value>
                <![CDATA[Melbourne]]>
              </value>
            </param>
            <param index="1">
              <value>
                <![CDATA[Hotel Cornice]]>
              </value>
            </param>
            <param index="2">
              <value>
                <![CDATA[Super Deluxe]]>
              </value>
            </param>
            <param index="3">
              <value>
                <![CDATA[10 - Ten]]>
              </value>
            </param>
            <param index="4">
              <value>
                <![CDATA[3 - Three]]>
              </value>
            </param>
            <param index="5">
              <value>
                <![CDATA[3 - Three]]>
              </value>
            </param>
            <param index="6">
              <value>
                <![CDATA[26/02/2019]]>
              </value>
            </param>
            <param index="7">
              <value>
                <![CDATA[25/03/2019]]>
              </value>
            </param>
            <param index="8">
              <value>
                <![CDATA[The]]>
              </value>
            </param>
            <param index="9">
              <value>
                <![CDATA[NightKing]]>
              </value>
            </param>
            <param index="10">
              <value>
                <![CDATA[BeyondTheWall]]>
              </value>
            </param>
            <param index="11">
              <value>
                <![CDATA[American Express]]>
              </value>
            </param>
            <param index="12">
              <value>
                <![CDATA[October]]>
              </value>
            </param>
          </params>
          <reporter-output>
          </reporter-output>
        </test-method> <!-- searchSelectBookHotelTest -->
        <test-method status="PASS" signature="tearDown()[pri:0, instance:com.hotelapp.qa.testcases.SearchBookConfirmHotelPageTest@5e5792a0]" name="tearDown" is-config="true" duration-ms="4262" started-at="2019-07-18T13:47:31Z" finished-at="2019-07-18T13:47:35Z">
          <reporter-output>
          </reporter-output>
        </test-method> <!-- tearDown -->
      </class> <!-- com.hotelapp.qa.testcases.SearchBookConfirmHotelPageTest -->
    </test> <!-- Default test -->
  </suite> <!-- Default suite -->
</testng-results>
