<?xml version="1.0" encoding="UTF-8"?>
<!-- Generated by org.testng.reporters.JUnitXMLReporter -->
<testsuite hostname="BReddy-PC" ignored="0" name="Free CRM App Test Cases" tests="8" failures="0" timestamp="14 Jan 2019 11:15:26 GMT" time="68.76" errors="0">
  <testcase name="loginPageTitleTest" time="0.026" classname="com.hotelapp.qa.testcases.LoginPageTest"/>
  <testcase name="vaidateHomePageTest" time="0.055" classname="com.hotelapp.qa.testcases.HomePageTest"/>
  <testcase name="validateSearchPageTest" time="0.043" classname="com.hotelapp.qa.testcases.searchBookConfirmHotelPageTest"/>
  <testcase name="loginPageLogoTest" time="0.074" classname="com.hotelapp.qa.testcases.LoginPageTest"/>
  <testcase name="verifyUserTest" time="0.06" classname="com.hotelapp.qa.testcases.HomePageTest"/>
  <testcase name="searchSelectBookHotelTest" time="10.307" classname="com.hotelapp.qa.testcases.searchBookConfirmHotelPageTest"/>
  <testcase name="loginTest" time="1.241" classname="com.hotelapp.qa.testcases.LoginPageTest"/>
  <testcase name="clickOnSearchHhotelTest" time="0.337" classname="com.hotelapp.qa.testcases.HomePageTest"/>
</testsuite> <!-- Free CRM App Test Cases -->
