<?xml version="1.0" encoding="UTF-8"?>
<!-- Generated by org.testng.reporters.JUnitXMLReporter -->
<testsuite hostname="BReddy-PC" ignored="0" name="HotelApp Test Cases" tests="16" failures="0" timestamp="12 Feb 2019 12:32:22 GMT" time="259.357" errors="0">
  <testcase name="loginPageTitleTest" time="0.023" classname="com.hotelapp.qa.testcases.LoginPageTest"/>
  <testcase name="vaidateHomePageTest" time="0.046" classname="com.hotelapp.qa.testcases.HomePageTest"/>
  <testcase name="validateSearchPageTest" time="0.048" classname="com.hotelapp.qa.testcases.searchBookConfirmHotelPageTest"/>
  <testcase name="loginPageLogoTest" time="0.047" classname="com.hotelapp.qa.testcases.LoginPageTest"/>
  <testcase name="verifyUserTest" time="0.063" classname="com.hotelapp.qa.testcases.HomePageTest"/>
  <testcase name="searchSelectBookHotelTest" time="12.045" classname="com.hotelapp.qa.testcases.searchBookConfirmHotelPageTest"/>
  <testcase name="searchSelectBookHotelTest" time="12.028" classname="com.hotelapp.qa.testcases.searchBookConfirmHotelPageTest"/>
  <testcase name="searchSelectBookHotelTest" time="11.712" classname="com.hotelapp.qa.testcases.searchBookConfirmHotelPageTest"/>
  <testcase name="searchSelectBookHotelTest" time="11.77" classname="com.hotelapp.qa.testcases.searchBookConfirmHotelPageTest"/>
  <testcase name="searchSelectBookHotelTest" time="11.816" classname="com.hotelapp.qa.testcases.searchBookConfirmHotelPageTest"/>
  <testcase name="searchSelectBookHotelTest" time="11.969" classname="com.hotelapp.qa.testcases.searchBookConfirmHotelPageTest"/>
  <testcase name="searchSelectBookHotelTest" time="11.866" classname="com.hotelapp.qa.testcases.searchBookConfirmHotelPageTest"/>
  <testcase name="searchSelectBookHotelTest" time="11.783" classname="com.hotelapp.qa.testcases.searchBookConfirmHotelPageTest"/>
  <testcase name="searchSelectBookHotelTest" time="12.081" classname="com.hotelapp.qa.testcases.searchBookConfirmHotelPageTest"/>
  <testcase name="loginTest" time="2.76" classname="com.hotelapp.qa.testcases.LoginPageTest"/>
  <testcase name="clickOnSearchHhotelTest" time="0.769" classname="com.hotelapp.qa.testcases.HomePageTest"/>
</testsuite> <!-- HotelApp Test Cases -->
