<?xml version="1.0" encoding="UTF-8"?>
<!-- Generated by org.testng.reporters.JUnitXMLReporter -->
<testsuite hostname="BReddy-PC" ignored="0" name="HotelApp Test Cases" tests="8" failures="0" timestamp="14 Jan 2019 11:18:52 GMT" time="66.201" errors="0">
  <testcase name="loginPageTitleTest" time="0.023" classname="com.hotelapp.qa.testcases.LoginPageTest"/>
  <testcase name="vaidateHomePageTest" time="0.064" classname="com.hotelapp.qa.testcases.HomePageTest"/>
  <testcase name="validateSearchPageTest" time="0.072" classname="com.hotelapp.qa.testcases.searchBookConfirmHotelPageTest"/>
  <testcase name="loginPageLogoTest" time="0.055" classname="com.hotelapp.qa.testcases.LoginPageTest"/>
  <testcase name="verifyUserTest" time="0.059" classname="com.hotelapp.qa.testcases.HomePageTest"/>
  <testcase name="searchSelectBookHotelTest" time="9.587" classname="com.hotelapp.qa.testcases.searchBookConfirmHotelPageTest"/>
  <testcase name="loginTest" time="1.241" classname="com.hotelapp.qa.testcases.LoginPageTest"/>
  <testcase name="clickOnSearchHhotelTest" time="0.344" classname="com.hotelapp.qa.testcases.HomePageTest"/>
</testsuite> <!-- HotelApp Test Cases -->
